<?xml version="1.0" encoding="UTF-8"?>
<testng-results ignored="0" total="6" passed="6" failed="0" skipped="0">
  <reporter-output>
  </reporter-output>
  <suite started-at="2023-02-27T09:30:19 IST" name="All Test Suite" finished-at="2023-02-27T09:31:52 IST" duration-ms="92799">
    <groups>
      <group name="cucumber">
        <method signature="AbstractTestNGCucumberTests.runScenario(io.cucumber.testng.PickleWrapper,io.cucumber.testng.FeatureWrapper)[pri:0, instance:runners.TestRunner@15bb5034]" name="runScenario" class="io.cucumber.testng.AbstractTestNGCucumberTests"/>
      </group> <!-- cucumber -->
    </groups>
    <test started-at="2023-02-27T09:30:19 IST" name="C:/Users/BOGOUTHA/Downloads/capg/Cucumber1/src/test/java/utils/QAprops.java" finished-at="2023-02-27T09:31:52 IST" duration-ms="92799">
      <class name="runners.TestRunner">
        <test-method is-config="true" signature="setUpClass(org.testng.ITestContext)[pri:0, instance:runners.TestRunner@15bb5034]" started-at="2023-02-27T09:30:19 IST" name="setUpClass" finished-at="2023-02-27T09:30:20 IST" duration-ms="466" status="PASS">
          <params>
            <param index="0">
              <value>
                <![CDATA[org.testng.TestRunner@4e25147a]]>
              </value>
            </param>
          </params>
          <reporter-output>
          </reporter-output>
        </test-method> <!-- setUpClass -->
        <test-method signature="runScenario(io.cucumber.testng.PickleWrapper,io.cucumber.testng.FeatureWrapper)[pri:0, instance:runners.TestRunner@15bb5034]" started-at="2023-02-27T09:30:20 IST" name="runScenario" description="Runs Cucumber Scenarios" data-provider="scenarios" finished-at="2023-02-27T09:31:49 IST" duration-ms="88681" status="PASS">
          <params>
            <param index="0">
              <value>
                <![CDATA["verify that user can able to search Star Jalsha"]]>
              </value>
            </param>
            <param index="1">
              <value>
                <![CDATA["search a channel feature"]]>
              </value>
            </param>
          </params>
          <reporter-output>
          </reporter-output>
        </test-method> <!-- runScenario -->
        <test-method signature="runScenario(io.cucumber.testng.PickleWrapper,io.cucumber.testng.FeatureWrapper)[pri:0, instance:runners.TestRunner@15bb5034]" started-at="2023-02-27T09:30:20 IST" name="runScenario" description="Runs Cucumber Scenarios" data-provider="scenarios" finished-at="2023-02-27T09:31:48 IST" duration-ms="88243" status="PASS">
          <params>
            <param index="0">
              <value>
                <![CDATA["verify that user can able to search Jhansi S2"]]>
              </value>
            </param>
            <param index="1">
              <value>
                <![CDATA["search a channel feature"]]>
              </value>
            </param>
          </params>
          <reporter-output>
          </reporter-output>
        </test-method> <!-- runScenario -->
        <test-method signature="runScenario(io.cucumber.testng.PickleWrapper,io.cucumber.testng.FeatureWrapper)[pri:0, instance:runners.TestRunner@15bb5034]" started-at="2023-02-27T09:30:20 IST" name="runScenario" description="Runs Cucumber Scenarios" data-provider="scenarios" finished-at="2023-02-27T09:31:49 IST" duration-ms="88613" status="PASS">
          <params>
            <param index="0">
              <value>
                <![CDATA["verify that user can able to search Dance to Dare"]]>
              </value>
            </param>
            <param index="1">
              <value>
                <![CDATA["search a channel feature"]]>
              </value>
            </param>
          </params>
          <reporter-output>
          </reporter-output>
        </test-method> <!-- runScenario -->
        <test-method signature="runScenario(io.cucumber.testng.PickleWrapper,io.cucumber.testng.FeatureWrapper)[pri:0, instance:runners.TestRunner@15bb5034]" started-at="2023-02-27T09:30:20 IST" name="runScenario" description="Runs Cucumber Scenarios" data-provider="scenarios" finished-at="2023-02-27T09:31:50 IST" duration-ms="90279" status="PASS">
          <params>
            <param index="0">
              <value>
                <![CDATA["verify that user can able to xyijklopmn"]]>
              </value>
            </param>
            <param index="1">
              <value>
                <![CDATA["search a channel feature"]]>
              </value>
            </param>
          </params>
          <reporter-output>
          </reporter-output>
        </test-method> <!-- runScenario -->
        <test-method signature="runScenario(io.cucumber.testng.PickleWrapper,io.cucumber.testng.FeatureWrapper)[pri:0, instance:runners.TestRunner@15bb5034]" started-at="2023-02-27T09:30:20 IST" name="runScenario" description="Runs Cucumber Scenarios" data-provider="scenarios" finished-at="2023-02-27T09:31:44 IST" duration-ms="84347" status="PASS">
          <params>
            <param index="0">
              <value>
                <![CDATA["verify that user can able to search BB Jodi"]]>
              </value>
            </param>
            <param index="1">
              <value>
                <![CDATA["search a channel feature"]]>
              </value>
            </param>
          </params>
          <reporter-output>
          </reporter-output>
        </test-method> <!-- runScenario -->
        <test-method signature="runScenario(io.cucumber.testng.PickleWrapper,io.cucumber.testng.FeatureWrapper)[pri:0, instance:runners.TestRunner@15bb5034]" started-at="2023-02-27T09:30:20 IST" name="runScenario" description="Runs Cucumber Scenarios" data-provider="scenarios" finished-at="2023-02-27T09:31:48 IST" duration-ms="88382" status="PASS">
          <params>
            <param index="0">
              <value>
                <![CDATA["verify that user can able to search Star Jalsha"]]>
              </value>
            </param>
            <param index="1">
              <value>
                <![CDATA["search a channel feature"]]>
              </value>
            </param>
          </params>
          <reporter-output>
          </reporter-output>
        </test-method> <!-- runScenario -->
        <test-method is-config="true" signature="tearDownClass()[pri:0, instance:runners.TestRunner@15bb5034]" started-at="2023-02-27T09:31:50 IST" name="tearDownClass" finished-at="2023-02-27T09:31:52 IST" duration-ms="2005" status="PASS">
          <reporter-output>
          </reporter-output>
        </test-method> <!-- tearDownClass -->
      </class> <!-- runners.TestRunner -->
    </test> <!-- C:/Users/BOGOUTHA/Downloads/capg/Cucumber1/src/test/java/utils/QAprops.java -->
  </suite> <!-- All Test Suite -->
</testng-results>
