<?xml version="1.0" encoding="UTF-8"?>
<testng-results ignored="0" total="6" passed="6" failed="0" skipped="0">
  <reporter-output>
  </reporter-output>
  <suite started-at="2023-02-27T10:50:28 IST" name="All Test Suite" finished-at="2023-02-27T10:51:41 IST" duration-ms="73394">
    <groups>
      <group name="cucumber">
        <method signature="AbstractTestNGCucumberTests.runScenario(io.cucumber.testng.PickleWrapper,io.cucumber.testng.FeatureWrapper)[pri:0, instance:runners.TestRunner@15bb5034]" name="runScenario" class="io.cucumber.testng.AbstractTestNGCucumberTests"/>
      </group> <!-- cucumber -->
    </groups>
    <test started-at="2023-02-27T10:50:28 IST" name="C:/Users/BOGOUTHA/Downloads/capg/Cucumber1/src/test/java/utils/QAprops.java" finished-at="2023-02-27T10:51:41 IST" duration-ms="73394">
      <class name="runners.TestRunner">
        <test-method is-config="true" signature="setUpClass(org.testng.ITestContext)[pri:0, instance:runners.TestRunner@15bb5034]" started-at="2023-02-27T10:50:28 IST" name="setUpClass" finished-at="2023-02-27T10:50:28 IST" duration-ms="636" status="PASS">
          <params>
            <param index="0">
              <value>
                <![CDATA[org.testng.TestRunner@6b68cb27]]>
              </value>
            </param>
          </params>
          <reporter-output>
          </reporter-output>
        </test-method> <!-- setUpClass -->
        <test-method signature="runScenario(io.cucumber.testng.PickleWrapper,io.cucumber.testng.FeatureWrapper)[pri:0, instance:runners.TestRunner@15bb5034]" started-at="2023-02-27T10:50:28 IST" name="runScenario" description="Runs Cucumber Scenarios" data-provider="scenarios" finished-at="2023-02-27T10:51:33 IST" duration-ms="65062" status="PASS">
          <params>
            <param index="0">
              <value>
                <![CDATA["verify that user can able to search BB Jodi"]]>
              </value>
            </param>
            <param index="1">
              <value>
                <![CDATA["search a channel feature"]]>
              </value>
            </param>
          </params>
          <reporter-output>
          </reporter-output>
        </test-method> <!-- runScenario -->
        <test-method signature="runScenario(io.cucumber.testng.PickleWrapper,io.cucumber.testng.FeatureWrapper)[pri:0, instance:runners.TestRunner@15bb5034]" started-at="2023-02-27T10:50:28 IST" name="runScenario" description="Runs Cucumber Scenarios" data-provider="scenarios" finished-at="2023-02-27T10:51:37 IST" duration-ms="68776" status="PASS">
          <params>
            <param index="0">
              <value>
                <![CDATA["verify that user can able to search Star Jalsha"]]>
              </value>
            </param>
            <param index="1">
              <value>
                <![CDATA["search a channel feature"]]>
              </value>
            </param>
          </params>
          <reporter-output>
          </reporter-output>
        </test-method> <!-- runScenario -->
        <test-method signature="runScenario(io.cucumber.testng.PickleWrapper,io.cucumber.testng.FeatureWrapper)[pri:0, instance:runners.TestRunner@15bb5034]" started-at="2023-02-27T10:50:28 IST" name="runScenario" description="Runs Cucumber Scenarios" data-provider="scenarios" finished-at="2023-02-27T10:51:31 IST" duration-ms="62233" status="PASS">
          <params>
            <param index="0">
              <value>
                <![CDATA["verify that user can able to xyijklopmn"]]>
              </value>
            </param>
            <param index="1">
              <value>
                <![CDATA["search a channel feature"]]>
              </value>
            </param>
          </params>
          <reporter-output>
          </reporter-output>
        </test-method> <!-- runScenario -->
        <test-method signature="runScenario(io.cucumber.testng.PickleWrapper,io.cucumber.testng.FeatureWrapper)[pri:0, instance:runners.TestRunner@15bb5034]" started-at="2023-02-27T10:50:28 IST" name="runScenario" description="Runs Cucumber Scenarios" data-provider="scenarios" finished-at="2023-02-27T10:51:37 IST" duration-ms="68640" status="PASS">
          <params>
            <param index="0">
              <value>
                <![CDATA["verify that user can able to search Jhansi S2"]]>
              </value>
            </param>
            <param index="1">
              <value>
                <![CDATA["search a channel feature"]]>
              </value>
            </param>
          </params>
          <reporter-output>
          </reporter-output>
        </test-method> <!-- runScenario -->
        <test-method signature="runScenario(io.cucumber.testng.PickleWrapper,io.cucumber.testng.FeatureWrapper)[pri:0, instance:runners.TestRunner@15bb5034]" started-at="2023-02-27T10:50:28 IST" name="runScenario" description="Runs Cucumber Scenarios" data-provider="scenarios" finished-at="2023-02-27T10:51:39 IST" duration-ms="70513" status="PASS">
          <params>
            <param index="0">
              <value>
                <![CDATA["verify that user can able to search Star Jalsha"]]>
              </value>
            </param>
            <param index="1">
              <value>
                <![CDATA["search a channel feature"]]>
              </value>
            </param>
          </params>
          <reporter-output>
          </reporter-output>
        </test-method> <!-- runScenario -->
        <test-method signature="runScenario(io.cucumber.testng.PickleWrapper,io.cucumber.testng.FeatureWrapper)[pri:0, instance:runners.TestRunner@15bb5034]" started-at="2023-02-27T10:50:28 IST" name="runScenario" description="Runs Cucumber Scenarios" data-provider="scenarios" finished-at="2023-02-27T10:51:35 IST" duration-ms="66342" status="PASS">
          <params>
            <param index="0">
              <value>
                <![CDATA["verify that user can able to search Dance to Dare"]]>
              </value>
            </param>
            <param index="1">
              <value>
                <![CDATA["search a channel feature"]]>
              </value>
            </param>
          </params>
          <reporter-output>
          </reporter-output>
        </test-method> <!-- runScenario -->
        <test-method is-config="true" signature="tearDownClass()[pri:0, instance:runners.TestRunner@15bb5034]" started-at="2023-02-27T10:51:39 IST" name="tearDownClass" finished-at="2023-02-27T10:51:41 IST" duration-ms="2184" status="PASS">
          <reporter-output>
          </reporter-output>
        </test-method> <!-- tearDownClass -->
      </class> <!-- runners.TestRunner -->
    </test> <!-- C:/Users/BOGOUTHA/Downloads/capg/Cucumber1/src/test/java/utils/QAprops.java -->
  </suite> <!-- All Test Suite -->
</testng-results>
