<?xml version="1.0" encoding="UTF-8"?>
<testsuite xmlns:xsi="http://www.w3.org/2001/XMLSchema-instance" xsi:noNamespaceSchemaLocation="https://maven.apache.org/surefire/maven-surefire-plugin/xsd/surefire-test-report-3.0.xsd" version="3.0" name="TestSuite" time="93.426" tests="6" errors="0" skipped="0" failures="0">
  <properties>
[...]
</properties>
  <testcase name="runScenario[&quot;verify that user can able to search BB Jodi&quot;, &quot;search a channel feature&quot;](1)" classname="runners.TestRunner" time="84.353">
    <system-out><![CDATA[
Scenario: verify that user can able to search BB Jodi # src/test/resources/features/Search_channel.feature:22

Scenario: verify that user can able to search Jhansi S2 # src/test/resources/features/Search_channel.feature:6

Scenario Outline: verify that user can able to search Star Jalsha # src/test/resources/features/Search_channel.feature:36

Scenario Outline: verify that user can able to search Star Jalsha # src/test/resources/features/Search_channel.feature:35

Scenario: verify that user can able to search Dance to Dare # src/test/resources/features/Search_channel.feature:11

Scenario: verify that user can able to xyijklopmn # src/test/resources/features/Search_channel.feature:17
from Background
  Given user entered in to channel                    # steps.stepDefinations.userEnteredInToChannel()
from Background
  Given user entered in to channel                          # steps.stepDefinations.userEnteredInToChannel()
from Background
  Given user entered in to channel                      # steps.stepDefinations.userEnteredInToChannel()
from Background
  Given user entered in to channel                                # steps.stepDefinations.userEnteredInToChannel()
from Background
  Given user entered in to channel                                # steps.stepDefinations.userEnteredInToChannel()
from Background
  Given user entered in to channel                # steps.stepDefinations.userEnteredInToChannel()
1
1
2
2
3
4
3
4
  Given user navigates to the Tv page                       # steps.stepDefinations.userNavigatesToTheTvPage()
  Given user navigate to the Tv page                  # steps.stepDefinations.user_navigate_to_the_tv_page()
  Given user navigate to the tv's page            # steps.stepDefinations.user_navigate_to_the_tv_s_page()
  Given user navigates to the TV page                   # steps.stepDefinations.user_navigates_to_the_tv_page()
  Given User navigate to the tV page                              # steps.stepDefinations.user_navigate_to_the_t_v_page()
  Given User navigate to the tV page                              # steps.stepDefinations.user_navigate_to_the_t_v_page()
  When user enter the StarMaa                         # steps.stepDefinations.user_enter_the_star_maa()
  Then the BB Jodi should be played                   # steps.stepDefinations.the_bb_jodi_should_be_played()
  When the user enter the HotstarSpecials               # steps.stepDefinations.the_user_enter_the_hotstar_specials()
  When the user enter the StarBharat                        # steps.stepDefinations.the_user_enter_the_star_bharat()
  Then the Dance to Dare video  should be played            # steps.stepDefinations.theDanceToDareVideoShouldBePlayed()
]]></system-out>
    <system-err><![CDATA[SLF4J: No SLF4J providers were found.
SLF4J: Defaulting to no-operation (NOP) logger implementation
SLF4J: See https://www.slf4j.org/codes.html#noProviders for further details.
Starting ChromeDriver 110.0.5481.77 (65ed616c6e8ee3fe0ad64fe83796c020644d42af-refs/branch-heads/5481@{#839}) on port 28123
Only local connections are allowed.
Please see https://chromedriver.chromium.org/security-considerations for suggestions on keeping ChromeDriver safe.
ChromeDriver was started successfully.
Starting ChromeDriver 110.0.5481.77 (65ed616c6e8ee3fe0ad64fe83796c020644d42af-refs/branch-heads/5481@{#839}) on port 41011
Only local connections are allowed.
Please see https://chromedriver.chromium.org/security-considerations for suggestions on keeping ChromeDriver safe.
ChromeDriver was started successfully.
Starting ChromeDriver 110.0.5481.77 (65ed616c6e8ee3fe0ad64fe83796c020644d42af-refs/branch-heads/5481@{#839}) on port 22724
Only local connections are allowed.
Please see https://chromedriver.chromium.org/security-considerations for suggestions on keeping ChromeDriver safe.
ChromeDriver was started successfully.
Starting ChromeDriver 110.0.5481.77 (65ed616c6e8ee3fe0ad64fe83796c020644d42af-refs/branch-heads/5481@{#839}) on port 60824
Only local connections are allowed.
Please see https://chromedriver.chromium.org/security-considerations for suggestions on keeping ChromeDriver safe.
ChromeDriver was started successfully.
Starting ChromeDriver 110.0.5481.77 (65ed616c6e8ee3fe0ad64fe83796c020644d42af-refs/branch-heads/5481@{#839}) on port 26234
Only local connections are allowed.
Please see https://chromedriver.chromium.org/security-considerations for suggestions on keeping ChromeDriver safe.
ChromeDriver was started successfully.
Starting ChromeDriver 110.0.5481.77 (65ed616c6e8ee3fe0ad64fe83796c020644d42af-refs/branch-heads/5481@{#839}) on port 37559
Only local connections are allowed.
Please see https://chromedriver.chromium.org/security-considerations for suggestions on keeping ChromeDriver safe.
ChromeDriver was started successfully.
[1677470423.677][WARNING]: virtual void DevToolsClientImpl::AddListener(DevToolsEventListener *) subscribing a listener to the already connected DevToolsClient. Connection notification will not arrive.
[1677470423.907][WARNING]: virtual void DevToolsClientImpl::AddListener(DevToolsEventListener *) subscribing a listener to the already connected DevToolsClient. Connection notification will not arrive.
[1677470424.480][WARNING]: virtual void DevToolsClientImpl::AddListener(DevToolsEventListener *) subscribing a listener to the already connected DevToolsClient. Connection notification will not arrive.
[1677470425.598][WARNING]: virtual void DevToolsClientImpl::AddListener(DevToolsEventListener *) subscribing a listener to the already connected DevToolsClient. Connection notification will not arrive.
[1677470426.864][WARNING]: virtual void DevToolsClientImpl::AddListener(DevToolsEventListener *) subscribing a listener to the already connected DevToolsClient. Connection notification will not arrive.
[1677470431.043][WARNING]: virtual void DevToolsClientImpl::AddListener(DevToolsEventListener *) subscribing a listener to the already connected DevToolsClient. Connection notification will not arrive.
Feb 27, 2023 9:30:37 AM org.openqa.selenium.remote.ProtocolHandshake createSession
INFO: Detected dialect: W3C
Feb 27, 2023 9:30:39 AM org.openqa.selenium.remote.ProtocolHandshake createSession
INFO: Detected dialect: W3C
Feb 27, 2023 9:30:42 AM org.openqa.selenium.remote.ProtocolHandshake createSession
INFO: Detected dialect: W3C
Feb 27, 2023 9:30:42 AM org.openqa.selenium.remote.ProtocolHandshake createSession
INFO: Detected dialect: W3C
Feb 27, 2023 9:30:42 AM org.openqa.selenium.remote.ProtocolHandshake createSession
INFO: Detected dialect: W3C
Feb 27, 2023 9:30:42 AM org.openqa.selenium.remote.ProtocolHandshake createSession
INFO: Detected dialect: W3C
ERROR StatusLogger Log4j2 could not find a logging implementation. Please add log4j-core to the classpath. Using SimpleLogger to log to the console...
]]></system-err>
  </testcase>
  <testcase name="runScenario[&quot;verify that user can able to search Jhansi S2&quot;, &quot;search a channel feature&quot;](2)" classname="runners.TestRunner" time="88.241">
    <system-out><![CDATA[  When User able to "Mahabarat Bangla" video                      # steps.stepDefinations.user_able_to_video(java.lang.String)
  And User can click on enter                                     # steps.stepDefinations.user_can_click_on_enter()
  When User able to "Rakhi Bandhan" video                         # steps.stepDefinations.user_able_to_video(java.lang.String)
  And User can click on enter                                     # steps.stepDefinations.user_can_click_on_enter()
  Then the Jhansi S2 video should be displayed          # steps.stepDefinations.the_jhansi_s2_videp_should_be_displayed()
  Then User redirected to the relavant page                       # steps.stepDefinations.user_redirected_to_the_relavant_page()
  Then User redirected to the relavant page                       # steps.stepDefinations.user_redirected_to_the_relavant_page()
]]></system-out>
  </testcase>
  <testcase name="runScenario[&quot;verify that user can able to search Star Jalsha&quot;, &quot;search a channel feature&quot;](3)" classname="runners.TestRunner" time="88.379"/>
  <testcase name="runScenario[&quot;verify that user can able to search Dance to Dare&quot;, &quot;search a channel feature&quot;](4)" classname="runners.TestRunner" time="88.611"/>
  <testcase name="runScenario[&quot;verify that user can able to search Star Jalsha&quot;, &quot;search a channel feature&quot;](5)" classname="runners.TestRunner" time="88.68"/>
  <testcase name="runScenario[&quot;verify that user can able to xyijklopmn&quot;, &quot;search a channel feature&quot;](6)" classname="runners.TestRunner" time="90.277">
    <system-out><![CDATA[  When the user enter the StarVijay               # steps.stepDefinations.the_user_enter_the_star_vijay()
  Then the xyijklopmn video  should be played     # steps.stepDefinations.the_xyijklopmn_video_should_be_played()
]]></system-out>
  </testcase>
</testsuite>